<?xml version="1.0" encoding="UTF-8"?>
<!-- Generated by org.testng.reporters.JUnitReportReporter -->
<testsuite hostname="DESKTOP-5RK9T99" failures="0" tests="1" name="appiumprj.PerformActionOnCalculator" time="23.005" errors="0" timestamp="11 Nov 2024 04:00:22 GMT" skipped="0">
  <testcase classname="appiumprj.PerformActionOnCalculator" name="verifySumOnCalculator" time="23.005"/>
</testsuite> <!-- appiumprj.PerformActionOnCalculator -->
