<?xml version="1.0" encoding="UTF-8"?>
<!-- Generated by org.testng.reporters.JUnitReportReporter -->
<testsuite hostname="DESKTOP-5RK9T99" failures="0" tests="1" name="appiumprj.PerformActionOnCalculatorVirtual" time="19.343" errors="0" timestamp="11 Nov 2024 03:46:00 GMT" skipped="0">
  <testcase classname="appiumprj.PerformActionOnCalculatorVirtual" name="verifySumOnCalculator" time="19.343"/>
</testsuite> <!-- appiumprj.PerformActionOnCalculatorVirtual -->
