<?xml version="1.0" encoding="UTF-8"?>
<!-- Generated by org.testng.reporters.JUnitReportReporter -->
<testsuite hostname="DESKTOP-5RK9T99" failures="0" tests="1" name="appiumprj.InstallOnRealDevice" time="27.157" errors="0" timestamp="06 Nov 2024 08:16:46 GMT" skipped="0">
  <testcase classname="appiumprj.InstallOnRealDevice" name="installAppOnRealDevice" time="27.157"/>
</testsuite> <!-- appiumprj.InstallOnRealDevice -->
