<?xml version="1.0" encoding="UTF-8"?>
<!-- Generated by org.testng.reporters.JUnitReportReporter -->
<testsuite hostname="DESKTOP-5RK9T99" failures="0" tests="1" name="appiumprj.InstallAppOnEmulator" time="19.450" errors="0" timestamp="10 Nov 2024 11:16:08 GMT" skipped="0">
  <testcase classname="appiumprj.InstallAppOnEmulator" name="installAppOnEmulator" time="19.450"/>
</testsuite> <!-- appiumprj.InstallAppOnEmulator -->
